NOTE: Picked up JDK_JAVA_OPTIONS:  --add-opens=java.base/java.lang=ALL-UNNAMED --add-opens=java.base/java.io=ALL-UNNAMED --add-opens=java.rmi/sun.rmi.transport=ALL-UNNAMED
01-Oct-2020 09:17:11.902 INFORMAÇÕES [main] org.apache.catalina.startup.VersionLoggerListener.log Server version name:   Apache Tomcat/9.0.38
01-Oct-2020 09:17:11.906 INFORMAÇÕES [main] org.apache.catalina.startup.VersionLoggerListener.log Server built:          Sep 10 2020 08:20:30 UTC
01-Oct-2020 09:17:11.906 INFORMAÇÕES [main] org.apache.catalina.startup.VersionLoggerListener.log Server version number: 9.0.38.0
01-Oct-2020 09:17:11.906 INFORMAÇÕES [main] org.apache.catalina.startup.VersionLoggerListener.log OS Name:               Linux
01-Oct-2020 09:17:11.906 INFORMAÇÕES [main] org.apache.catalina.startup.VersionLoggerListener.log OS Version:            5.4.0-48-generic
01-Oct-2020 09:17:11.907 INFORMAÇÕES [main] org.apache.catalina.startup.VersionLoggerListener.log Architecture:          amd64
01-Oct-2020 09:17:11.907 INFORMAÇÕES [main] org.apache.catalina.startup.VersionLoggerListener.log Java Home:             /usr/lib/jvm/java-11-openjdk-amd64
01-Oct-2020 09:17:11.907 INFORMAÇÕES [main] org.apache.catalina.startup.VersionLoggerListener.log JVM Version:           11.0.8+10-post-Ubuntu-0ubuntu118.04.1
01-Oct-2020 09:17:11.907 INFORMAÇÕES [main] org.apache.catalina.startup.VersionLoggerListener.log JVM Vendor:            Ubuntu
01-Oct-2020 09:17:11.907 INFORMAÇÕES [main] org.apache.catalina.startup.VersionLoggerListener.log CATALINA_BASE:         /home/tteuz/Desktop/JAVA/Teste-DeployTomcat-Prod/apache-tomcat-9.0.38-prod
01-Oct-2020 09:17:11.907 INFORMAÇÕES [main] org.apache.catalina.startup.VersionLoggerListener.log CATALINA_HOME:         /home/tteuz/Desktop/JAVA/Teste-DeployTomcat-Prod/apache-tomcat-9.0.38-prod
01-Oct-2020 09:17:11.923 INFORMAÇÕES [main] org.apache.catalina.startup.VersionLoggerListener.log Command line argument: --add-opens=java.base/java.lang=ALL-UNNAMED
01-Oct-2020 09:17:11.923 INFORMAÇÕES [main] org.apache.catalina.startup.VersionLoggerListener.log Command line argument: --add-opens=java.base/java.io=ALL-UNNAMED
01-Oct-2020 09:17:11.923 INFORMAÇÕES [main] org.apache.catalina.startup.VersionLoggerListener.log Command line argument: --add-opens=java.rmi/sun.rmi.transport=ALL-UNNAMED
01-Oct-2020 09:17:11.927 INFORMAÇÕES [main] org.apache.catalina.startup.VersionLoggerListener.log Command line argument: -Djava.util.logging.config.file=/home/tteuz/Desktop/JAVA/Teste-DeployTomcat-Prod/apache-tomcat-9.0.38-prod/conf/logging.properties
01-Oct-2020 09:17:11.927 INFORMAÇÕES [main] org.apache.catalina.startup.VersionLoggerListener.log Command line argument: -Djava.util.logging.manager=org.apache.juli.ClassLoaderLogManager
01-Oct-2020 09:17:11.927 INFORMAÇÕES [main] org.apache.catalina.startup.VersionLoggerListener.log Command line argument: -Djdk.tls.ephemeralDHKeySize=2048
01-Oct-2020 09:17:11.927 INFORMAÇÕES [main] org.apache.catalina.startup.VersionLoggerListener.log Command line argument: -Djava.protocol.handler.pkgs=org.apache.catalina.webresources
01-Oct-2020 09:17:11.927 INFORMAÇÕES [main] org.apache.catalina.startup.VersionLoggerListener.log Command line argument: -Dorg.apache.catalina.security.SecurityListener.UMASK=0027
01-Oct-2020 09:17:11.927 INFORMAÇÕES [main] org.apache.catalina.startup.VersionLoggerListener.log Command line argument: -Dignore.endorsed.dirs=
01-Oct-2020 09:17:11.928 INFORMAÇÕES [main] org.apache.catalina.startup.VersionLoggerListener.log Command line argument: -Dcatalina.base=/home/tteuz/Desktop/JAVA/Teste-DeployTomcat-Prod/apache-tomcat-9.0.38-prod
01-Oct-2020 09:17:11.928 INFORMAÇÕES [main] org.apache.catalina.startup.VersionLoggerListener.log Command line argument: -Dcatalina.home=/home/tteuz/Desktop/JAVA/Teste-DeployTomcat-Prod/apache-tomcat-9.0.38-prod
01-Oct-2020 09:17:11.928 INFORMAÇÕES [main] org.apache.catalina.startup.VersionLoggerListener.log Command line argument: -Djava.io.tmpdir=/home/tteuz/Desktop/JAVA/Teste-DeployTomcat-Prod/apache-tomcat-9.0.38-prod/temp
01-Oct-2020 09:17:11.929 INFORMAÇÕES [main] org.apache.catalina.core.AprLifecycleListener.lifecycleEvent The Apache Tomcat Native library which allows using OpenSSL was not found on the java.library.path: [/usr/java/packages/lib:/usr/lib/x86_64-linux-gnu/jni:/lib/x86_64-linux-gnu:/usr/lib/x86_64-linux-gnu:/usr/lib/jni:/lib:/usr/lib]
01-Oct-2020 09:17:12.334 INFORMAÇÕES [main] org.apache.coyote.AbstractProtocol.init Initializing ProtocolHandler ["http-nio-8080"]
01-Oct-2020 09:17:12.357 GRAVE [main] org.apache.catalina.util.LifecycleBase.handleSubClassException Failed to initialize component [Connector[HTTP/1.1-8080]]
	org.apache.catalina.LifecycleException: Protocol handler initialization failed
		at org.apache.catalina.connector.Connector.initInternal(Connector.java:1042)
		at org.apache.catalina.util.LifecycleBase.init(LifecycleBase.java:136)
		at org.apache.catalina.core.StandardService.initInternal(StandardService.java:533)
		at org.apache.catalina.util.LifecycleBase.init(LifecycleBase.java:136)
		at org.apache.catalina.core.StandardServer.initInternal(StandardServer.java:1057)
		at org.apache.catalina.util.LifecycleBase.init(LifecycleBase.java:136)
		at org.apache.catalina.startup.Catalina.load(Catalina.java:724)
		at org.apache.catalina.startup.Catalina.load(Catalina.java:746)
		at java.base/jdk.internal.reflect.NativeMethodAccessorImpl.invoke0(Native Method)
		at java.base/jdk.internal.reflect.NativeMethodAccessorImpl.invoke(NativeMethodAccessorImpl.java:62)
		at java.base/jdk.internal.reflect.DelegatingMethodAccessorImpl.invoke(DelegatingMethodAccessorImpl.java:43)
		at java.base/java.lang.reflect.Method.invoke(Method.java:566)
		at org.apache.catalina.startup.Bootstrap.load(Bootstrap.java:302)
		at org.apache.catalina.startup.Bootstrap.main(Bootstrap.java:472)
	Caused by: java.net.BindException: Address already in use
		at java.base/sun.nio.ch.Net.bind0(Native Method)
		at java.base/sun.nio.ch.Net.bind(Net.java:455)
		at java.base/sun.nio.ch.Net.bind(Net.java:447)
		at java.base/sun.nio.ch.ServerSocketChannelImpl.bind(ServerSocketChannelImpl.java:227)
		at java.base/sun.nio.ch.ServerSocketAdaptor.bind(ServerSocketAdaptor.java:80)
		at org.apache.tomcat.util.net.NioEndpoint.initServerSocket(NioEndpoint.java:228)
		at org.apache.tomcat.util.net.NioEndpoint.bind(NioEndpoint.java:211)
		at org.apache.tomcat.util.net.AbstractEndpoint.bindWithCleanup(AbstractEndpoint.java:1141)
		at org.apache.tomcat.util.net.AbstractEndpoint.init(AbstractEndpoint.java:1154)
		at org.apache.coyote.AbstractProtocol.init(AbstractProtocol.java:581)
		at org.apache.coyote.http11.AbstractHttp11Protocol.init(AbstractHttp11Protocol.java:75)
		at org.apache.catalina.connector.Connector.initInternal(Connector.java:1039)
		... 13 more
01-Oct-2020 09:17:12.359 INFORMAÇÕES [main] org.apache.catalina.startup.Catalina.load Server initialization in [717] milliseconds
01-Oct-2020 09:17:12.419 INFORMAÇÕES [main] org.apache.catalina.core.StandardService.startInternal Starting service [Catalina]
01-Oct-2020 09:17:12.420 INFORMAÇÕES [main] org.apache.catalina.core.StandardEngine.startInternal Starting Servlet engine: [Apache Tomcat/9.0.38]
01-Oct-2020 09:17:12.432 INFORMAÇÕES [main] org.apache.catalina.startup.HostConfig.deployWAR Deploying web application archive [/home/tteuz/Desktop/JAVA/Teste-DeployTomcat-Prod/apache-tomcat-9.0.38-prod/webapps/gerenciador.war]
01-Oct-2020 09:17:12.915 INFORMAÇÕES [main] org.apache.catalina.startup.HostConfig.deployWAR Deployment of web application archive [/home/tteuz/Desktop/JAVA/Teste-DeployTomcat-Prod/apache-tomcat-9.0.38-prod/webapps/gerenciador.war] has finished in [482] ms
01-Oct-2020 09:17:12.915 INFORMAÇÕES [main] org.apache.catalina.startup.HostConfig.deployDirectory Diretório de instalação da aplicação web [/home/tteuz/Desktop/JAVA/Teste-DeployTomcat-Prod/apache-tomcat-9.0.38-prod/webapps/docs]
01-Oct-2020 09:17:12.937 INFORMAÇÕES [main] org.apache.catalina.startup.HostConfig.deployDirectory Deployment of web application directory [/home/tteuz/Desktop/JAVA/Teste-DeployTomcat-Prod/apache-tomcat-9.0.38-prod/webapps/docs] has finished in [22] ms
01-Oct-2020 09:17:12.937 INFORMAÇÕES [main] org.apache.catalina.startup.HostConfig.deployDirectory Diretório de instalação da aplicação web [/home/tteuz/Desktop/JAVA/Teste-DeployTomcat-Prod/apache-tomcat-9.0.38-prod/webapps/host-manager]
01-Oct-2020 09:17:12.970 INFORMAÇÕES [main] org.apache.catalina.startup.HostConfig.deployDirectory Deployment of web application directory [/home/tteuz/Desktop/JAVA/Teste-DeployTomcat-Prod/apache-tomcat-9.0.38-prod/webapps/host-manager] has finished in [33] ms
01-Oct-2020 09:17:12.970 INFORMAÇÕES [main] org.apache.catalina.startup.HostConfig.deployDirectory Diretório de instalação da aplicação web [/home/tteuz/Desktop/JAVA/Teste-DeployTomcat-Prod/apache-tomcat-9.0.38-prod/webapps/ROOT]
01-Oct-2020 09:17:12.990 INFORMAÇÕES [main] org.apache.catalina.startup.HostConfig.deployDirectory Deployment of web application directory [/home/tteuz/Desktop/JAVA/Teste-DeployTomcat-Prod/apache-tomcat-9.0.38-prod/webapps/ROOT] has finished in [20] ms
01-Oct-2020 09:17:12.991 INFORMAÇÕES [main] org.apache.catalina.startup.HostConfig.deployDirectory Diretório de instalação da aplicação web [/home/tteuz/Desktop/JAVA/Teste-DeployTomcat-Prod/apache-tomcat-9.0.38-prod/webapps/manager]
01-Oct-2020 09:17:13.017 INFORMAÇÕES [main] org.apache.catalina.startup.HostConfig.deployDirectory Deployment of web application directory [/home/tteuz/Desktop/JAVA/Teste-DeployTomcat-Prod/apache-tomcat-9.0.38-prod/webapps/manager] has finished in [26] ms
01-Oct-2020 09:17:13.018 INFORMAÇÕES [main] org.apache.catalina.startup.HostConfig.deployDirectory Diretório de instalação da aplicação web [/home/tteuz/Desktop/JAVA/Teste-DeployTomcat-Prod/apache-tomcat-9.0.38-prod/webapps/examples]
01-Oct-2020 09:17:13.221 INFORMAÇÕES [main] org.apache.catalina.startup.HostConfig.deployDirectory Deployment of web application directory [/home/tteuz/Desktop/JAVA/Teste-DeployTomcat-Prod/apache-tomcat-9.0.38-prod/webapps/examples] has finished in [204] ms
01-Oct-2020 09:17:13.237 INFORMAÇÕES [main] org.apache.catalina.startup.Catalina.start Server startup in [878] milliseconds
01-Oct-2020 09:17:13.240 GRAVE [main] org.apache.catalina.core.StandardServer.await Failed to create server shutdown socket on address [localhost] and port [8005] (base port [8005] and offset [0])
	java.net.BindException: Address already in use (Bind failed)
		at java.base/java.net.PlainSocketImpl.socketBind(Native Method)
		at java.base/java.net.AbstractPlainSocketImpl.bind(AbstractPlainSocketImpl.java:436)
		at java.base/java.net.ServerSocket.bind(ServerSocket.java:395)
		at java.base/java.net.ServerSocket.<init>(ServerSocket.java:257)
		at org.apache.catalina.core.StandardServer.await(StandardServer.java:584)
		at org.apache.catalina.startup.Catalina.await(Catalina.java:864)
		at org.apache.catalina.startup.Catalina.start(Catalina.java:810)
		at java.base/jdk.internal.reflect.NativeMethodAccessorImpl.invoke0(Native Method)
		at java.base/jdk.internal.reflect.NativeMethodAccessorImpl.invoke(NativeMethodAccessorImpl.java:62)
		at java.base/jdk.internal.reflect.DelegatingMethodAccessorImpl.invoke(DelegatingMethodAccessorImpl.java:43)
		at java.base/java.lang.reflect.Method.invoke(Method.java:566)
		at org.apache.catalina.startup.Bootstrap.start(Bootstrap.java:342)
		at org.apache.catalina.startup.Bootstrap.main(Bootstrap.java:473)
01-Oct-2020 09:17:13.241 INFORMAÇÕES [main] org.apache.coyote.AbstractProtocol.pause Pausing ProtocolHandler ["http-nio-8080"]
01-Oct-2020 09:17:13.242 INFORMAÇÕES [main] org.apache.catalina.core.StandardService.stopInternal Stopping service [Catalina]
01-Oct-2020 09:17:13.274 INFORMAÇÕES [main] org.apache.coyote.AbstractProtocol.stop Stopping ProtocolHandler ["http-nio-8080"]
01-Oct-2020 09:17:13.275 INFORMAÇÕES [main] org.apache.coyote.AbstractProtocol.destroy Destroying ProtocolHandler ["http-nio-8080"]
NOTE: Picked up JDK_JAVA_OPTIONS:  --add-opens=java.base/java.lang=ALL-UNNAMED --add-opens=java.base/java.io=ALL-UNNAMED --add-opens=java.rmi/sun.rmi.transport=ALL-UNNAMED
01-Oct-2020 09:18:36.744 INFORMAÇÕES [main] org.apache.catalina.startup.VersionLoggerListener.log Server version name:   Apache Tomcat/9.0.38
01-Oct-2020 09:18:36.747 INFORMAÇÕES [main] org.apache.catalina.startup.VersionLoggerListener.log Server built:          Sep 10 2020 08:20:30 UTC
01-Oct-2020 09:18:36.747 INFORMAÇÕES [main] org.apache.catalina.startup.VersionLoggerListener.log Server version number: 9.0.38.0
01-Oct-2020 09:18:36.747 INFORMAÇÕES [main] org.apache.catalina.startup.VersionLoggerListener.log OS Name:               Linux
01-Oct-2020 09:18:36.747 INFORMAÇÕES [main] org.apache.catalina.startup.VersionLoggerListener.log OS Version:            5.4.0-48-generic
01-Oct-2020 09:18:36.748 INFORMAÇÕES [main] org.apache.catalina.startup.VersionLoggerListener.log Architecture:          amd64
01-Oct-2020 09:18:36.748 INFORMAÇÕES [main] org.apache.catalina.startup.VersionLoggerListener.log Java Home:             /usr/lib/jvm/java-11-openjdk-amd64
01-Oct-2020 09:18:36.748 INFORMAÇÕES [main] org.apache.catalina.startup.VersionLoggerListener.log JVM Version:           11.0.8+10-post-Ubuntu-0ubuntu118.04.1
01-Oct-2020 09:18:36.748 INFORMAÇÕES [main] org.apache.catalina.startup.VersionLoggerListener.log JVM Vendor:            Ubuntu
01-Oct-2020 09:18:36.748 INFORMAÇÕES [main] org.apache.catalina.startup.VersionLoggerListener.log CATALINA_BASE:         /home/tteuz/Desktop/JAVA/Teste-DeployTomcat-Prod/apache-tomcat-9.0.38-prod
01-Oct-2020 09:18:36.748 INFORMAÇÕES [main] org.apache.catalina.startup.VersionLoggerListener.log CATALINA_HOME:         /home/tteuz/Desktop/JAVA/Teste-DeployTomcat-Prod/apache-tomcat-9.0.38-prod
01-Oct-2020 09:18:36.765 INFORMAÇÕES [main] org.apache.catalina.startup.VersionLoggerListener.log Command line argument: --add-opens=java.base/java.lang=ALL-UNNAMED
01-Oct-2020 09:18:36.765 INFORMAÇÕES [main] org.apache.catalina.startup.VersionLoggerListener.log Command line argument: --add-opens=java.base/java.io=ALL-UNNAMED
01-Oct-2020 09:18:36.765 INFORMAÇÕES [main] org.apache.catalina.startup.VersionLoggerListener.log Command line argument: --add-opens=java.rmi/sun.rmi.transport=ALL-UNNAMED
01-Oct-2020 09:18:36.765 INFORMAÇÕES [main] org.apache.catalina.startup.VersionLoggerListener.log Command line argument: -Djava.util.logging.config.file=/home/tteuz/Desktop/JAVA/Teste-DeployTomcat-Prod/apache-tomcat-9.0.38-prod/conf/logging.properties
01-Oct-2020 09:18:36.765 INFORMAÇÕES [main] org.apache.catalina.startup.VersionLoggerListener.log Command line argument: -Djava.util.logging.manager=org.apache.juli.ClassLoaderLogManager
01-Oct-2020 09:18:36.765 INFORMAÇÕES [main] org.apache.catalina.startup.VersionLoggerListener.log Command line argument: -Djdk.tls.ephemeralDHKeySize=2048
01-Oct-2020 09:18:36.766 INFORMAÇÕES [main] org.apache.catalina.startup.VersionLoggerListener.log Command line argument: -Djava.protocol.handler.pkgs=org.apache.catalina.webresources
01-Oct-2020 09:18:36.766 INFORMAÇÕES [main] org.apache.catalina.startup.VersionLoggerListener.log Command line argument: -Dorg.apache.catalina.security.SecurityListener.UMASK=0027
01-Oct-2020 09:18:36.766 INFORMAÇÕES [main] org.apache.catalina.startup.VersionLoggerListener.log Command line argument: -Dignore.endorsed.dirs=
01-Oct-2020 09:18:36.766 INFORMAÇÕES [main] org.apache.catalina.startup.VersionLoggerListener.log Command line argument: -Dcatalina.base=/home/tteuz/Desktop/JAVA/Teste-DeployTomcat-Prod/apache-tomcat-9.0.38-prod
01-Oct-2020 09:18:36.766 INFORMAÇÕES [main] org.apache.catalina.startup.VersionLoggerListener.log Command line argument: -Dcatalina.home=/home/tteuz/Desktop/JAVA/Teste-DeployTomcat-Prod/apache-tomcat-9.0.38-prod
01-Oct-2020 09:18:36.766 INFORMAÇÕES [main] org.apache.catalina.startup.VersionLoggerListener.log Command line argument: -Djava.io.tmpdir=/home/tteuz/Desktop/JAVA/Teste-DeployTomcat-Prod/apache-tomcat-9.0.38-prod/temp
01-Oct-2020 09:18:36.768 INFORMAÇÕES [main] org.apache.catalina.core.AprLifecycleListener.lifecycleEvent The Apache Tomcat Native library which allows using OpenSSL was not found on the java.library.path: [/usr/java/packages/lib:/usr/lib/x86_64-linux-gnu/jni:/lib/x86_64-linux-gnu:/usr/lib/x86_64-linux-gnu:/usr/lib/jni:/lib:/usr/lib]
01-Oct-2020 09:18:37.121 INFORMAÇÕES [main] org.apache.coyote.AbstractProtocol.init Initializing ProtocolHandler ["http-nio-8080"]
01-Oct-2020 09:18:37.166 INFORMAÇÕES [main] org.apache.catalina.startup.Catalina.load Server initialization in [673] milliseconds
01-Oct-2020 09:18:37.213 INFORMAÇÕES [main] org.apache.catalina.core.StandardService.startInternal Starting service [Catalina]
01-Oct-2020 09:18:37.213 INFORMAÇÕES [main] org.apache.catalina.core.StandardEngine.startInternal Starting Servlet engine: [Apache Tomcat/9.0.38]
01-Oct-2020 09:18:37.225 INFORMAÇÕES [main] org.apache.catalina.startup.HostConfig.deployWAR Deploying web application archive [/home/tteuz/Desktop/JAVA/Teste-DeployTomcat-Prod/apache-tomcat-9.0.38-prod/webapps/gerenciador.war]
01-Oct-2020 09:18:37.644 INFORMAÇÕES [main] org.apache.catalina.startup.HostConfig.deployWAR Deployment of web application archive [/home/tteuz/Desktop/JAVA/Teste-DeployTomcat-Prod/apache-tomcat-9.0.38-prod/webapps/gerenciador.war] has finished in [417] ms
01-Oct-2020 09:18:37.645 INFORMAÇÕES [main] org.apache.catalina.startup.HostConfig.deployDirectory Diretório de instalação da aplicação web [/home/tteuz/Desktop/JAVA/Teste-DeployTomcat-Prod/apache-tomcat-9.0.38-prod/webapps/docs]
01-Oct-2020 09:18:37.677 INFORMAÇÕES [main] org.apache.catalina.startup.HostConfig.deployDirectory Deployment of web application directory [/home/tteuz/Desktop/JAVA/Teste-DeployTomcat-Prod/apache-tomcat-9.0.38-prod/webapps/docs] has finished in [31] ms
01-Oct-2020 09:18:37.677 INFORMAÇÕES [main] org.apache.catalina.startup.HostConfig.deployDirectory Diretório de instalação da aplicação web [/home/tteuz/Desktop/JAVA/Teste-DeployTomcat-Prod/apache-tomcat-9.0.38-prod/webapps/host-manager]
01-Oct-2020 09:18:37.709 INFORMAÇÕES [main] org.apache.catalina.startup.HostConfig.deployDirectory Deployment of web application directory [/home/tteuz/Desktop/JAVA/Teste-DeployTomcat-Prod/apache-tomcat-9.0.38-prod/webapps/host-manager] has finished in [31] ms
01-Oct-2020 09:18:37.709 INFORMAÇÕES [main] org.apache.catalina.startup.HostConfig.deployDirectory Diretório de instalação da aplicação web [/home/tteuz/Desktop/JAVA/Teste-DeployTomcat-Prod/apache-tomcat-9.0.38-prod/webapps/ROOT]
01-Oct-2020 09:18:37.728 INFORMAÇÕES [main] org.apache.catalina.startup.HostConfig.deployDirectory Deployment of web application directory [/home/tteuz/Desktop/JAVA/Teste-DeployTomcat-Prod/apache-tomcat-9.0.38-prod/webapps/ROOT] has finished in [19] ms
01-Oct-2020 09:18:37.728 INFORMAÇÕES [main] org.apache.catalina.startup.HostConfig.deployDirectory Diretório de instalação da aplicação web [/home/tteuz/Desktop/JAVA/Teste-DeployTomcat-Prod/apache-tomcat-9.0.38-prod/webapps/manager]
01-Oct-2020 09:18:37.752 INFORMAÇÕES [main] org.apache.catalina.startup.HostConfig.deployDirectory Deployment of web application directory [/home/tteuz/Desktop/JAVA/Teste-DeployTomcat-Prod/apache-tomcat-9.0.38-prod/webapps/manager] has finished in [24] ms
01-Oct-2020 09:18:37.752 INFORMAÇÕES [main] org.apache.catalina.startup.HostConfig.deployDirectory Diretório de instalação da aplicação web [/home/tteuz/Desktop/JAVA/Teste-DeployTomcat-Prod/apache-tomcat-9.0.38-prod/webapps/examples]
01-Oct-2020 09:18:37.902 INFORMAÇÕES [main] org.apache.catalina.startup.HostConfig.deployDirectory Deployment of web application directory [/home/tteuz/Desktop/JAVA/Teste-DeployTomcat-Prod/apache-tomcat-9.0.38-prod/webapps/examples] has finished in [150] ms
01-Oct-2020 09:18:37.908 INFORMAÇÕES [main] org.apache.coyote.AbstractProtocol.start Starting ProtocolHandler ["http-nio-8080"]
01-Oct-2020 09:18:37.921 INFORMAÇÕES [main] org.apache.catalina.startup.Catalina.start Server startup in [754] milliseconds
NOTE: Picked up JDK_JAVA_OPTIONS:  --add-opens=java.base/java.lang=ALL-UNNAMED --add-opens=java.base/java.io=ALL-UNNAMED --add-opens=java.rmi/sun.rmi.transport=ALL-UNNAMED
01-Oct-2020 09:48:51.761 INFORMAÇÕES [main] org.apache.catalina.startup.VersionLoggerListener.log Server version name:   Apache Tomcat/9.0.38
01-Oct-2020 09:48:51.765 INFORMAÇÕES [main] org.apache.catalina.startup.VersionLoggerListener.log Server built:          Sep 10 2020 08:20:30 UTC
01-Oct-2020 09:48:51.765 INFORMAÇÕES [main] org.apache.catalina.startup.VersionLoggerListener.log Server version number: 9.0.38.0
01-Oct-2020 09:48:51.765 INFORMAÇÕES [main] org.apache.catalina.startup.VersionLoggerListener.log OS Name:               Linux
01-Oct-2020 09:48:51.765 INFORMAÇÕES [main] org.apache.catalina.startup.VersionLoggerListener.log OS Version:            5.4.0-48-generic
01-Oct-2020 09:48:51.765 INFORMAÇÕES [main] org.apache.catalina.startup.VersionLoggerListener.log Architecture:          amd64
01-Oct-2020 09:48:51.766 INFORMAÇÕES [main] org.apache.catalina.startup.VersionLoggerListener.log Java Home:             /usr/lib/jvm/java-11-openjdk-amd64
01-Oct-2020 09:48:51.766 INFORMAÇÕES [main] org.apache.catalina.startup.VersionLoggerListener.log JVM Version:           11.0.8+10-post-Ubuntu-0ubuntu118.04.1
01-Oct-2020 09:48:51.766 INFORMAÇÕES [main] org.apache.catalina.startup.VersionLoggerListener.log JVM Vendor:            Ubuntu
01-Oct-2020 09:48:51.766 INFORMAÇÕES [main] org.apache.catalina.startup.VersionLoggerListener.log CATALINA_BASE:         /home/tteuz/Desktop/JAVA/Teste-DeployTomcat-Prod/apache-tomcat-9.0.38-prod
01-Oct-2020 09:48:51.766 INFORMAÇÕES [main] org.apache.catalina.startup.VersionLoggerListener.log CATALINA_HOME:         /home/tteuz/Desktop/JAVA/Teste-DeployTomcat-Prod/apache-tomcat-9.0.38-prod
01-Oct-2020 09:48:51.779 INFORMAÇÕES [main] org.apache.catalina.startup.VersionLoggerListener.log Command line argument: --add-opens=java.base/java.lang=ALL-UNNAMED
01-Oct-2020 09:48:51.779 INFORMAÇÕES [main] org.apache.catalina.startup.VersionLoggerListener.log Command line argument: --add-opens=java.base/java.io=ALL-UNNAMED
01-Oct-2020 09:48:51.779 INFORMAÇÕES [main] org.apache.catalina.startup.VersionLoggerListener.log Command line argument: --add-opens=java.rmi/sun.rmi.transport=ALL-UNNAMED
01-Oct-2020 09:48:51.779 INFORMAÇÕES [main] org.apache.catalina.startup.VersionLoggerListener.log Command line argument: -Djava.util.logging.config.file=/home/tteuz/Desktop/JAVA/Teste-DeployTomcat-Prod/apache-tomcat-9.0.38-prod/conf/logging.properties
01-Oct-2020 09:48:51.779 INFORMAÇÕES [main] org.apache.catalina.startup.VersionLoggerListener.log Command line argument: -Djava.util.logging.manager=org.apache.juli.ClassLoaderLogManager
01-Oct-2020 09:48:51.780 INFORMAÇÕES [main] org.apache.catalina.startup.VersionLoggerListener.log Command line argument: -Djdk.tls.ephemeralDHKeySize=2048
01-Oct-2020 09:48:51.780 INFORMAÇÕES [main] org.apache.catalina.startup.VersionLoggerListener.log Command line argument: -Djava.protocol.handler.pkgs=org.apache.catalina.webresources
01-Oct-2020 09:48:51.780 INFORMAÇÕES [main] org.apache.catalina.startup.VersionLoggerListener.log Command line argument: -Dorg.apache.catalina.security.SecurityListener.UMASK=0027
01-Oct-2020 09:48:51.780 INFORMAÇÕES [main] org.apache.catalina.startup.VersionLoggerListener.log Command line argument: -Dignore.endorsed.dirs=
01-Oct-2020 09:48:51.780 INFORMAÇÕES [main] org.apache.catalina.startup.VersionLoggerListener.log Command line argument: -Dcatalina.base=/home/tteuz/Desktop/JAVA/Teste-DeployTomcat-Prod/apache-tomcat-9.0.38-prod
01-Oct-2020 09:48:51.780 INFORMAÇÕES [main] org.apache.catalina.startup.VersionLoggerListener.log Command line argument: -Dcatalina.home=/home/tteuz/Desktop/JAVA/Teste-DeployTomcat-Prod/apache-tomcat-9.0.38-prod
01-Oct-2020 09:48:51.781 INFORMAÇÕES [main] org.apache.catalina.startup.VersionLoggerListener.log Command line argument: -Djava.io.tmpdir=/home/tteuz/Desktop/JAVA/Teste-DeployTomcat-Prod/apache-tomcat-9.0.38-prod/temp
01-Oct-2020 09:48:51.782 INFORMAÇÕES [main] org.apache.catalina.core.AprLifecycleListener.lifecycleEvent The Apache Tomcat Native library which allows using OpenSSL was not found on the java.library.path: [/usr/java/packages/lib:/usr/lib/x86_64-linux-gnu/jni:/lib/x86_64-linux-gnu:/usr/lib/x86_64-linux-gnu:/usr/lib/jni:/lib:/usr/lib]
01-Oct-2020 09:48:52.123 INFORMAÇÕES [main] org.apache.coyote.AbstractProtocol.init Initializing ProtocolHandler ["http-nio-80"]
01-Oct-2020 09:48:52.136 GRAVE [main] org.apache.catalina.util.LifecycleBase.handleSubClassException Failed to initialize component [Connector[HTTP/1.1-80]]
	org.apache.catalina.LifecycleException: Protocol handler initialization failed
		at org.apache.catalina.connector.Connector.initInternal(Connector.java:1042)
		at org.apache.catalina.util.LifecycleBase.init(LifecycleBase.java:136)
		at org.apache.catalina.core.StandardService.initInternal(StandardService.java:533)
		at org.apache.catalina.util.LifecycleBase.init(LifecycleBase.java:136)
		at org.apache.catalina.core.StandardServer.initInternal(StandardServer.java:1057)
		at org.apache.catalina.util.LifecycleBase.init(LifecycleBase.java:136)
		at org.apache.catalina.startup.Catalina.load(Catalina.java:724)
		at org.apache.catalina.startup.Catalina.load(Catalina.java:746)
		at java.base/jdk.internal.reflect.NativeMethodAccessorImpl.invoke0(Native Method)
		at java.base/jdk.internal.reflect.NativeMethodAccessorImpl.invoke(NativeMethodAccessorImpl.java:62)
		at java.base/jdk.internal.reflect.DelegatingMethodAccessorImpl.invoke(DelegatingMethodAccessorImpl.java:43)
		at java.base/java.lang.reflect.Method.invoke(Method.java:566)
		at org.apache.catalina.startup.Bootstrap.load(Bootstrap.java:302)
		at org.apache.catalina.startup.Bootstrap.main(Bootstrap.java:472)
	Caused by: java.net.SocketException: Permission denied
		at java.base/sun.nio.ch.Net.bind0(Native Method)
		at java.base/sun.nio.ch.Net.bind(Net.java:455)
		at java.base/sun.nio.ch.Net.bind(Net.java:447)
		at java.base/sun.nio.ch.ServerSocketChannelImpl.bind(ServerSocketChannelImpl.java:227)
		at java.base/sun.nio.ch.ServerSocketAdaptor.bind(ServerSocketAdaptor.java:80)
		at org.apache.tomcat.util.net.NioEndpoint.initServerSocket(NioEndpoint.java:228)
		at org.apache.tomcat.util.net.NioEndpoint.bind(NioEndpoint.java:211)
		at org.apache.tomcat.util.net.AbstractEndpoint.bindWithCleanup(AbstractEndpoint.java:1141)
		at org.apache.tomcat.util.net.AbstractEndpoint.init(AbstractEndpoint.java:1154)
		at org.apache.coyote.AbstractProtocol.init(AbstractProtocol.java:581)
		at org.apache.coyote.http11.AbstractHttp11Protocol.init(AbstractHttp11Protocol.java:75)
		at org.apache.catalina.connector.Connector.initInternal(Connector.java:1039)
		... 13 more
01-Oct-2020 09:48:52.138 INFORMAÇÕES [main] org.apache.catalina.startup.Catalina.load Server initialization in [612] milliseconds
01-Oct-2020 09:48:52.185 INFORMAÇÕES [main] org.apache.catalina.core.StandardService.startInternal Starting service [Catalina]
01-Oct-2020 09:48:52.185 INFORMAÇÕES [main] org.apache.catalina.core.StandardEngine.startInternal Starting Servlet engine: [Apache Tomcat/9.0.38]
01-Oct-2020 09:48:52.197 INFORMAÇÕES [main] org.apache.catalina.startup.HostConfig.deployWAR Deploying web application archive [/home/tteuz/Desktop/JAVA/Teste-DeployTomcat-Prod/apache-tomcat-9.0.38-prod/webapps/gerenciador.war]
01-Oct-2020 09:48:52.600 INFORMAÇÕES [main] org.apache.catalina.startup.HostConfig.deployWAR Deployment of web application archive [/home/tteuz/Desktop/JAVA/Teste-DeployTomcat-Prod/apache-tomcat-9.0.38-prod/webapps/gerenciador.war] has finished in [401] ms
01-Oct-2020 09:48:52.600 INFORMAÇÕES [main] org.apache.catalina.startup.HostConfig.deployDirectory Diretório de instalação da aplicação web [/home/tteuz/Desktop/JAVA/Teste-DeployTomcat-Prod/apache-tomcat-9.0.38-prod/webapps/docs]
01-Oct-2020 09:48:52.626 INFORMAÇÕES [main] org.apache.catalina.startup.HostConfig.deployDirectory Deployment of web application directory [/home/tteuz/Desktop/JAVA/Teste-DeployTomcat-Prod/apache-tomcat-9.0.38-prod/webapps/docs] has finished in [26] ms
01-Oct-2020 09:48:52.626 INFORMAÇÕES [main] org.apache.catalina.startup.HostConfig.deployDirectory Diretório de instalação da aplicação web [/home/tteuz/Desktop/JAVA/Teste-DeployTomcat-Prod/apache-tomcat-9.0.38-prod/webapps/host-manager]
01-Oct-2020 09:48:52.674 INFORMAÇÕES [main] org.apache.catalina.startup.HostConfig.deployDirectory Deployment of web application directory [/home/tteuz/Desktop/JAVA/Teste-DeployTomcat-Prod/apache-tomcat-9.0.38-prod/webapps/host-manager] has finished in [48] ms
01-Oct-2020 09:48:52.675 INFORMAÇÕES [main] org.apache.catalina.startup.HostConfig.deployDirectory Diretório de instalação da aplicação web [/home/tteuz/Desktop/JAVA/Teste-DeployTomcat-Prod/apache-tomcat-9.0.38-prod/webapps/ROOT]
01-Oct-2020 09:48:52.697 INFORMAÇÕES [main] org.apache.catalina.startup.HostConfig.deployDirectory Deployment of web application directory [/home/tteuz/Desktop/JAVA/Teste-DeployTomcat-Prod/apache-tomcat-9.0.38-prod/webapps/ROOT] has finished in [21] ms
01-Oct-2020 09:48:52.697 INFORMAÇÕES [main] org.apache.catalina.startup.HostConfig.deployDirectory Diretório de instalação da aplicação web [/home/tteuz/Desktop/JAVA/Teste-DeployTomcat-Prod/apache-tomcat-9.0.38-prod/webapps/manager]
01-Oct-2020 09:48:52.721 INFORMAÇÕES [main] org.apache.catalina.startup.HostConfig.deployDirectory Deployment of web application directory [/home/tteuz/Desktop/JAVA/Teste-DeployTomcat-Prod/apache-tomcat-9.0.38-prod/webapps/manager] has finished in [23] ms
01-Oct-2020 09:48:52.721 INFORMAÇÕES [main] org.apache.catalina.startup.HostConfig.deployDirectory Diretório de instalação da aplicação web [/home/tteuz/Desktop/JAVA/Teste-DeployTomcat-Prod/apache-tomcat-9.0.38-prod/webapps/examples]
01-Oct-2020 09:48:52.889 INFORMAÇÕES [main] org.apache.catalina.startup.HostConfig.deployDirectory Deployment of web application directory [/home/tteuz/Desktop/JAVA/Teste-DeployTomcat-Prod/apache-tomcat-9.0.38-prod/webapps/examples] has finished in [168] ms
01-Oct-2020 09:48:52.895 INFORMAÇÕES [main] org.apache.catalina.startup.Catalina.start Server startup in [756] milliseconds
01-Oct-2020 09:48:52.897 GRAVE [main] org.apache.catalina.core.StandardServer.await Failed to create server shutdown socket on address [localhost] and port [8005] (base port [8005] and offset [0])
	java.net.BindException: Address already in use (Bind failed)
		at java.base/java.net.PlainSocketImpl.socketBind(Native Method)
		at java.base/java.net.AbstractPlainSocketImpl.bind(AbstractPlainSocketImpl.java:436)
		at java.base/java.net.ServerSocket.bind(ServerSocket.java:395)
		at java.base/java.net.ServerSocket.<init>(ServerSocket.java:257)
		at org.apache.catalina.core.StandardServer.await(StandardServer.java:584)
		at org.apache.catalina.startup.Catalina.await(Catalina.java:864)
		at org.apache.catalina.startup.Catalina.start(Catalina.java:810)
		at java.base/jdk.internal.reflect.NativeMethodAccessorImpl.invoke0(Native Method)
		at java.base/jdk.internal.reflect.NativeMethodAccessorImpl.invoke(NativeMethodAccessorImpl.java:62)
		at java.base/jdk.internal.reflect.DelegatingMethodAccessorImpl.invoke(DelegatingMethodAccessorImpl.java:43)
		at java.base/java.lang.reflect.Method.invoke(Method.java:566)
		at org.apache.catalina.startup.Bootstrap.start(Bootstrap.java:342)
		at org.apache.catalina.startup.Bootstrap.main(Bootstrap.java:473)
01-Oct-2020 09:48:52.898 INFORMAÇÕES [main] org.apache.coyote.AbstractProtocol.pause Pausing ProtocolHandler ["http-nio-80"]
01-Oct-2020 09:48:52.898 INFORMAÇÕES [main] org.apache.catalina.core.StandardService.stopInternal Stopping service [Catalina]
01-Oct-2020 09:48:52.922 INFORMAÇÕES [main] org.apache.coyote.AbstractProtocol.stop Stopping ProtocolHandler ["http-nio-80"]
01-Oct-2020 09:48:52.922 INFORMAÇÕES [main] org.apache.coyote.AbstractProtocol.destroy Destroying ProtocolHandler ["http-nio-80"]
